[15:49:11] [main/INFO]: Setting user: ForgeDevName
[15:49:13] [Client thread/INFO]: LWJGL Version: 2.9.1
[15:49:20] [Client thread/INFO]: Reloading ResourceManager: Default, FMLFileResourcePack:Forge Mod Loader, FMLFileResourcePack:Minecraft Forge, FMLFileResourcePack:TestMod
[15:49:21] [Sound Library Loader/INFO]: Sound engine started
[15:49:23] [Client thread/INFO]: Created: 512x256 textures/blocks-atlas
[15:49:23] [Client thread/INFO]: Created: 512x256 textures/items-atlas
[15:49:24] [Client thread/INFO]: Reloading ResourceManager: Default, FMLFileResourcePack:Forge Mod Loader, FMLFileResourcePack:Minecraft Forge, FMLFileResourcePack:TestMod
[15:49:24] [Client thread/INFO]: Created: 512x256 textures/items-atlas
[15:49:24] [Client thread/INFO]: Created: 512x256 textures/blocks-atlas
[15:49:25] [Sound Library Loader/INFO]: Sound engine started
[15:50:23] [Server thread/INFO]: Starting integrated minecraft server version 1.7.10
[15:50:23] [Server thread/INFO]: Generating keypair
[15:50:24] [Server thread/INFO]: Preparing start region for level 0
[15:50:25] [Server thread/INFO]: Preparing spawn area: 81%
[15:50:25] [Server thread/INFO]: Changing view distance to 12, from 10
[15:50:26] [Server thread/INFO]: ForgeDevName[local:E:88052626] logged in with entity id 284 at (171.21098878090132, 73.0, 330.84001215643906)
[15:50:26] [Server thread/INFO]: ForgeDevName joined the game
[15:51:21] [Client thread/INFO]: Warning: Clientside chunk ticking took 108 ms
[15:51:21] [Client thread/INFO]: Warning: Clientside chunk ticking took 213 ms
[15:51:22] [Client thread/INFO]: Warning: Clientside chunk ticking took 125 ms
[15:51:22] [Client thread/INFO]: Warning: Clientside chunk ticking took 105 ms
[15:51:22] [Client thread/INFO]: Warning: Clientside chunk ticking took 104 ms
[15:51:29] [Server thread/INFO]: Saving and pausing game...
[15:51:29] [Server thread/INFO]: Saving chunks for level 'New World'/Overworld
[15:51:29] [Server thread/INFO]: Saving chunks for level 'New World'/Nether
[15:51:29] [Server thread/INFO]: Saving chunks for level 'New World'/The End
[15:51:30] [Server thread/INFO]: Stopping server
[15:51:30] [Server thread/INFO]: Saving players
[15:51:30] [Server thread/INFO]: Saving worlds
[15:51:30] [Server thread/INFO]: Saving chunks for level 'New World'/Overworld
[15:51:30] [Server thread/INFO]: Saving chunks for level 'New World'/Nether
[15:51:30] [Server thread/INFO]: Saving chunks for level 'New World'/The End
[15:51:41] [Client thread/INFO]: Stopping!
